<?xml version="1.0" encoding="UTF-8"?>
<!-- Generated by org.testng.reporters.JUnitReportReporter -->
<testsuite hostname="DESKTOP-VO83SOT" failures="0" tests="1" name="irctc.TicketBookingTest" time="32.453" errors="0" timestamp="2025-04-11T14:47:28 IST" skipped="0">
  <testcase classname="irctc.TicketBookingTest" name="bookTicket" time="32.453"/>
</testsuite> <!-- irctc.TicketBookingTest -->
