<?xml version="1.0" encoding="UTF-8"?>
<!-- Generated by org.testng.reporters.JUnitReportReporter -->
<testsuite hostname="DESKTOP-VO83SOT" failures="0" tests="1" name="com.travel.IRCTC.TicketBooking" time="36.978" errors="0" timestamp="2025-04-07T12:58:09 IST" skipped="0">
  <testcase classname="com.travel.IRCTC.TicketBooking" name="bookTicket" time="36.978"/>
</testsuite> <!-- com.travel.IRCTC.TicketBooking -->
